This is pdfTeX, Version 3.14159265-2.6-1.40.16 (TeX Live 2015/Debian) (preloaded format=pdflatex 2016.10.22)  9 FEB 2017 22:13
entering extended mode
 restricted \write18 enabled.
 %&-line parsing enabled.
**main.tex -o main.pdf
(./main.tex
LaTeX2e <2016/02/01>
Babel <3.9q> and hyphenation patterns for 81 language(s) loaded.
(/usr/share/texlive/texmf-dist/tex/latex/base/article.cls
Document Class: article 2014/09/29 v1.4h Standard LaTeX document class
(/usr/share/texlive/texmf-dist/tex/latex/base/size10.clo
File: size10.clo 2014/09/29 v1.4h Standard LaTeX file (size option)
)
\c@part=\count79
\c@section=\count80
\c@subsection=\count81
\c@subsubsection=\count82
\c@paragraph=\count83
\c@subparagraph=\count84
\c@figure=\count85
\c@table=\count86
\abovecaptionskip=\skip41
\belowcaptionskip=\skip42
\bibindent=\dimen102
)
(/usr/share/texlive/texmf-dist/tex/latex/base/inputenc.sty
Package: inputenc 2015/03/17 v1.2c Input encoding file
\inpenc@prehook=\toks14
\inpenc@posthook=\toks15

(/usr/share/texlive/texmf-dist/tex/latex/base/utf8.def
File: utf8.def 2015/12/03 v1.1r UTF-8 support for inputenc
Now handling font encoding OML ...
... no UTF-8 mapping file for font encoding OML
Now handling font encoding T1 ...
... processing UTF-8 mapping file for font encoding T1

(/usr/share/texlive/texmf-dist/tex/latex/base/t1enc.dfu
File: t1enc.dfu 2015/12/03 v1.1r UTF-8 support for inputenc
   defining Unicode char U+00A0 (decimal 160)
   defining Unicode char U+00A1 (decimal 161)
   defining Unicode char U+00A3 (decimal 163)
   defining Unicode char U+00AB (decimal 171)
   defining Unicode char U+00AD (decimal 173)
   defining Unicode char U+00BB (decimal 187)
   defining Unicode char U+00BF (decimal 191)
   defining Unicode char U+00C0 (decimal 192)
   defining Unicode char U+00C1 (decimal 193)
   defining Unicode char U+00C2 (decimal 194)
   defining Unicode char U+00C3 (decimal 195)
   defining Unicode char U+00C4 (decimal 196)
   defining Unicode char U+00C5 (decimal 197)
   defining Unicode char U+00C6 (decimal 198)
   defining Unicode char U+00C7 (decimal 199)
   defining Unicode char U+00C8 (decimal 200)
   defining Unicode char U+00C9 (decimal 201)
   defining Unicode char U+00CA (decimal 202)
   defining Unicode char U+00CB (decimal 203)
   defining Unicode char U+00CC (decimal 204)
   defining Unicode char U+00CD (decimal 205)
   defining Unicode char U+00CE (decimal 206)
   defining Unicode char U+00CF (decimal 207)
   defining Unicode char U+00D0 (decimal 208)
   defining Unicode char U+00D1 (decimal 209)
   defining Unicode char U+00D2 (decimal 210)
   defining Unicode char U+00D3 (decimal 211)
   defining Unicode char U+00D4 (decimal 212)
   defining Unicode char U+00D5 (decimal 213)
   defining Unicode char U+00D6 (decimal 214)
   defining Unicode char U+00D8 (decimal 216)
   defining Unicode char U+00D9 (decimal 217)
   defining Unicode char U+00DA (decimal 218)
   defining Unicode char U+00DB (decimal 219)
   defining Unicode char U+00DC (decimal 220)
   defining Unicode char U+00DD (decimal 221)
   defining Unicode char U+00DE (decimal 222)
   defining Unicode char U+00DF (decimal 223)
   defining Unicode char U+00E0 (decimal 224)
   defining Unicode char U+00E1 (decimal 225)
   defining Unicode char U+00E2 (decimal 226)
   defining Unicode char U+00E3 (decimal 227)
   defining Unicode char U+00E4 (decimal 228)
   defining Unicode char U+00E5 (decimal 229)
   defining Unicode char U+00E6 (decimal 230)
   defining Unicode char U+00E7 (decimal 231)
   defining Unicode char U+00E8 (decimal 232)
   defining Unicode char U+00E9 (decimal 233)
   defining Unicode char U+00EA (decimal 234)
   defining Unicode char U+00EB (decimal 235)
   defining Unicode char U+00EC (decimal 236)
   defining Unicode char U+00ED (decimal 237)
   defining Unicode char U+00EE (decimal 238)
   defining Unicode char U+00EF (decimal 239)
   defining Unicode char U+00F0 (decimal 240)
   defining Unicode char U+00F1 (decimal 241)
   defining Unicode char U+00F2 (decimal 242)
   defining Unicode char U+00F3 (decimal 243)
   defining Unicode char U+00F4 (decimal 244)
   defining Unicode char U+00F5 (decimal 245)
   defining Unicode char U+00F6 (decimal 246)
   defining Unicode char U+00F8 (decimal 248)
   defining Unicode char U+00F9 (decimal 249)
   defining Unicode char U+00FA (decimal 250)
   defining Unicode char U+00FB (decimal 251)
   defining Unicode char U+00FC (decimal 252)
   defining Unicode char U+00FD (decimal 253)
   defining Unicode char U+00FE (decimal 254)
   defining Unicode char U+00FF (decimal 255)
   defining Unicode char U+0100 (decimal 256)
   defining Unicode char U+0101 (decimal 257)
   defining Unicode char U+0102 (decimal 258)
   defining Unicode char U+0103 (decimal 259)
   defining Unicode char U+0104 (decimal 260)
   defining Unicode char U+0105 (decimal 261)
   defining Unicode char U+0106 (decimal 262)
   defining Unicode char U+0107 (decimal 263)
   defining Unicode char U+0108 (decimal 264)
   defining Unicode char U+0109 (decimal 265)
   defining Unicode char U+010A (decimal 266)
   defining Unicode char U+010B (decimal 267)
   defining Unicode char U+010C (decimal 268)
   defining Unicode char U+010D (decimal 269)
   defining Unicode char U+010E (decimal 270)
   defining Unicode char U+010F (decimal 271)
   defining Unicode char U+0110 (decimal 272)
   defining Unicode char U+0111 (decimal 273)
   defining Unicode char U+0112 (decimal 274)
   defining Unicode char U+0113 (decimal 275)
   defining Unicode char U+0114 (decimal 276)
   defining Unicode char U+0115 (decimal 277)
   defining Unicode char U+0116 (decimal 278)
   defining Unicode char U+0117 (decimal 279)
   defining Unicode char U+0118 (decimal 280)
   defining Unicode char U+0119 (decimal 281)
   defining Unicode char U+011A (decimal 282)
   defining Unicode char U+011B (decimal 283)
   defining Unicode char U+011C (decimal 284)
   defining Unicode char U+011D (decimal 285)
   defining Unicode char U+011E (decimal 286)
   defining Unicode char U+011F (decimal 287)
   defining Unicode char U+0120 (decimal 288)
   defining Unicode char U+0121 (decimal 289)
   defining Unicode char U+0122 (decimal 290)
   defining Unicode char U+0123 (decimal 291)
   defining Unicode char U+0124 (decimal 292)
   defining Unicode char U+0125 (decimal 293)
   defining Unicode char U+0128 (decimal 296)
   defining Unicode char U+0129 (decimal 297)
   defining Unicode char U+012A (decimal 298)
   defining Unicode char U+012B (decimal 299)
   defining Unicode char U+012C (decimal 300)
   defining Unicode char U+012D (decimal 301)
   defining Unicode char U+012E (decimal 302)
   defining Unicode char U+012F (decimal 303)
   defining Unicode char U+0130 (decimal 304)
   defining Unicode char U+0131 (decimal 305)
   defining Unicode char U+0132 (decimal 306)
   defining Unicode char U+0133 (decimal 307)
   defining Unicode char U+0134 (decimal 308)
   defining Unicode char U+0135 (decimal 309)
   defining Unicode char U+0136 (decimal 310)
   defining Unicode char U+0137 (decimal 311)
   defining Unicode char U+0139 (decimal 313)
   defining Unicode char U+013A (decimal 314)
   defining Unicode char U+013B (decimal 315)
   defining Unicode char U+013C (decimal 316)
   defining Unicode char U+013D (decimal 317)
   defining Unicode char U+013E (decimal 318)
   defining Unicode char U+0141 (decimal 321)
   defining Unicode char U+0142 (decimal 322)
   defining Unicode char U+0143 (decimal 323)
   defining Unicode char U+0144 (decimal 324)
   defining Unicode char U+0145 (decimal 325)
   defining Unicode char U+0146 (decimal 326)
   defining Unicode char U+0147 (decimal 327)
   defining Unicode char U+0148 (decimal 328)
   defining Unicode char U+014A (decimal 330)
   defining Unicode char U+014B (decimal 331)
   defining Unicode char U+014C (decimal 332)
   defining Unicode char U+014D (decimal 333)
   defining Unicode char U+014E (decimal 334)
   defining Unicode char U+014F (decimal 335)
   defining Unicode char U+0150 (decimal 336)
   defining Unicode char U+0151 (decimal 337)
   defining Unicode char U+0152 (decimal 338)
   defining Unicode char U+0153 (decimal 339)
   defining Unicode char U+0154 (decimal 340)
   defining Unicode char U+0155 (decimal 341)
   defining Unicode char U+0156 (decimal 342)
   defining Unicode char U+0157 (decimal 343)
   defining Unicode char U+0158 (decimal 344)
   defining Unicode char U+0159 (decimal 345)
   defining Unicode char U+015A (decimal 346)
   defining Unicode char U+015B (decimal 347)
   defining Unicode char U+015C (decimal 348)
   defining Unicode char U+015D (decimal 349)
   defining Unicode char U+015E (decimal 350)
   defining Unicode char U+015F (decimal 351)
   defining Unicode char U+0160 (decimal 352)
   defining Unicode char U+0161 (decimal 353)
   defining Unicode char U+0162 (decimal 354)
   defining Unicode char U+0163 (decimal 355)
   defining Unicode char U+0164 (decimal 356)
   defining Unicode char U+0165 (decimal 357)
   defining Unicode char U+0168 (decimal 360)
   defining Unicode char U+0169 (decimal 361)
   defining Unicode char U+016A (decimal 362)
   defining Unicode char U+016B (decimal 363)
   defining Unicode char U+016C (decimal 364)
   defining Unicode char U+016D (decimal 365)
   defining Unicode char U+016E (decimal 366)
   defining Unicode char U+016F (decimal 367)
   defining Unicode char U+0170 (decimal 368)
   defining Unicode char U+0171 (decimal 369)
   defining Unicode char U+0172 (decimal 370)
   defining Unicode char U+0173 (decimal 371)
   defining Unicode char U+0174 (decimal 372)
   defining Unicode char U+0175 (decimal 373)
   defining Unicode char U+0176 (decimal 374)
   defining Unicode char U+0177 (decimal 375)
   defining Unicode char U+0178 (decimal 376)
   defining Unicode char U+0179 (decimal 377)
   defining Unicode char U+017A (decimal 378)
   defining Unicode char U+017B (decimal 379)
   defining Unicode char U+017C (decimal 380)
   defining Unicode char U+017D (decimal 381)
   defining Unicode char U+017E (decimal 382)
   defining Unicode char U+01CD (decimal 461)
   defining Unicode char U+01CE (decimal 462)
   defining Unicode char U+01CF (decimal 463)
   defining Unicode char U+01D0 (decimal 464)
   defining Unicode char U+01D1 (decimal 465)
   defining Unicode char U+01D2 (decimal 466)
   defining Unicode char U+01D3 (decimal 467)
   defining Unicode char U+01D4 (decimal 468)
   defining Unicode char U+01E2 (decimal 482)
   defining Unicode char U+01E3 (decimal 483)
   defining Unicode char U+01E6 (decimal 486)
   defining Unicode char U+01E7 (decimal 487)
   defining Unicode char U+01E8 (decimal 488)
   defining Unicode char U+01E9 (decimal 489)
   defining Unicode char U+01EA (decimal 490)
   defining Unicode char U+01EB (decimal 491)
   defining Unicode char U+01F0 (decimal 496)
   defining Unicode char U+01F4 (decimal 500)
   defining Unicode char U+01F5 (decimal 501)
   defining Unicode char U+0218 (decimal 536)
   defining Unicode char U+0219 (decimal 537)
   defining Unicode char U+021A (decimal 538)
   defining Unicode char U+021B (decimal 539)
   defining Unicode char U+01E02 (decimal 7682)
   defining Unicode char U+01E03 (decimal 7683)
   defining Unicode char U+200C (decimal 8204)
   defining Unicode char U+2013 (decimal 8211)
   defining Unicode char U+2014 (decimal 8212)
   defining Unicode char U+2018 (decimal 8216)
   defining Unicode char U+2019 (decimal 8217)
   defining Unicode char U+201A (decimal 8218)
   defining Unicode char U+201C (decimal 8220)
   defining Unicode char U+201D (decimal 8221)
   defining Unicode char U+201E (decimal 8222)
   defining Unicode char U+2030 (decimal 8240)
   defining Unicode char U+2031 (decimal 8241)
   defining Unicode char U+2039 (decimal 8249)
   defining Unicode char U+203A (decimal 8250)
   defining Unicode char U+2423 (decimal 9251)
)
Now handling font encoding OT1 ...
... processing UTF-8 mapping file for font encoding OT1

(/usr/share/texlive/texmf-dist/tex/latex/base/ot1enc.dfu
File: ot1enc.dfu 2015/12/03 v1.1r UTF-8 support for inputenc
   defining Unicode char U+00A0 (decimal 160)
   defining Unicode char U+00A1 (decimal 161)
   defining Unicode char U+00A3 (decimal 163)
   defining Unicode char U+00AD (decimal 173)
   defining Unicode char U+00B8 (decimal 184)
   defining Unicode char U+00BF (decimal 191)
   defining Unicode char U+00C5 (decimal 197)
   defining Unicode char U+00C6 (decimal 198)
   defining Unicode char U+00D8 (decimal 216)
   defining Unicode char U+00DF (decimal 223)
   defining Unicode char U+00E6 (decimal 230)
   defining Unicode char U+00EC (decimal 236)
   defining Unicode char U+00ED (decimal 237)
   defining Unicode char U+00EE (decimal 238)
   defining Unicode char U+00EF (decimal 239)
   defining Unicode char U+00F8 (decimal 248)
   defining Unicode char U+0131 (decimal 305)
   defining Unicode char U+0141 (decimal 321)
   defining Unicode char U+0142 (decimal 322)
   defining Unicode char U+0152 (decimal 338)
   defining Unicode char U+0153 (decimal 339)
   defining Unicode char U+0174 (decimal 372)
   defining Unicode char U+0175 (decimal 373)
   defining Unicode char U+0176 (decimal 374)
   defining Unicode char U+0177 (decimal 375)
   defining Unicode char U+0218 (decimal 536)
   defining Unicode char U+0219 (decimal 537)
   defining Unicode char U+021A (decimal 538)
   defining Unicode char U+021B (decimal 539)
   defining Unicode char U+2013 (decimal 8211)
   defining Unicode char U+2014 (decimal 8212)
   defining Unicode char U+2018 (decimal 8216)
   defining Unicode char U+2019 (decimal 8217)
   defining Unicode char U+201C (decimal 8220)
   defining Unicode char U+201D (decimal 8221)
)
Now handling font encoding OMS ...
... processing UTF-8 mapping file for font encoding OMS

(/usr/share/texlive/texmf-dist/tex/latex/base/omsenc.dfu
File: omsenc.dfu 2015/12/03 v1.1r UTF-8 support for inputenc
   defining Unicode char U+00A7 (decimal 167)
   defining Unicode char U+00B6 (decimal 182)
   defining Unicode char U+00B7 (decimal 183)
   defining Unicode char U+2020 (decimal 8224)
   defining Unicode char U+2021 (decimal 8225)
   defining Unicode char U+2022 (decimal 8226)
)
Now handling font encoding OMX ...
... no UTF-8 mapping file for font encoding OMX
Now handling font encoding U ...
... no UTF-8 mapping file for font encoding U
   defining Unicode char U+00A9 (decimal 169)
   defining Unicode char U+00AA (decimal 170)
   defining Unicode char U+00AE (decimal 174)
   defining Unicode char U+00BA (decimal 186)
   defining Unicode char U+02C6 (decimal 710)
   defining Unicode char U+02DC (decimal 732)
   defining Unicode char U+200C (decimal 8204)
   defining Unicode char U+2026 (decimal 8230)
   defining Unicode char U+2122 (decimal 8482)
   defining Unicode char U+2423 (decimal 9251)
))
(/usr/share/texlive/texmf-dist/tex/latex/graphics/graphicx.sty
Package: graphicx 2014/10/28 v1.0g Enhanced LaTeX Graphics (DPC,SPQR)

(/usr/share/texlive/texmf-dist/tex/latex/graphics/keyval.sty
Package: keyval 2014/10/28 v1.15 key=value parser (DPC)
\KV@toks@=\toks16
)
(/usr/share/texlive/texmf-dist/tex/latex/graphics/graphics.sty
Package: graphics 2016/01/03 v1.0q Standard LaTeX Graphics (DPC,SPQR)

(/usr/share/texlive/texmf-dist/tex/latex/graphics/trig.sty
Package: trig 2016/01/03 v1.10 sin cos tan (DPC)
)
(/usr/share/texlive/texmf-dist/tex/latex/latexconfig/graphics.cfg
File: graphics.cfg 2010/04/23 v1.9 graphics configuration of TeX Live
)
Package graphics Info: Driver file: pdftex.def on input line 95.

(/usr/share/texlive/texmf-dist/tex/latex/pdftex-def/pdftex.def
File: pdftex.def 2011/05/27 v0.06d Graphics/color for pdfTeX

(/usr/share/texlive/texmf-dist/tex/generic/oberdiek/infwarerr.sty
Package: infwarerr 2010/04/08 v1.3 Providing info/warning/error messages (HO)
)
(/usr/share/texlive/texmf-dist/tex/generic/oberdiek/ltxcmds.sty
Package: ltxcmds 2011/11/09 v1.22 LaTeX kernel commands for general use (HO)
)
\Gread@gobject=\count87
))
\Gin@req@height=\dimen103
\Gin@req@width=\dimen104
)
(/usr/share/texlive/texmf-dist/tex/latex/hyperref/hyperref.sty
Package: hyperref 2012/11/06 v6.83m Hypertext links for LaTeX

(/usr/share/texlive/texmf-dist/tex/generic/oberdiek/hobsub-hyperref.sty
Package: hobsub-hyperref 2012/05/28 v1.13 Bundle oberdiek, subset hyperref (HO)


(/usr/share/texlive/texmf-dist/tex/generic/oberdiek/hobsub-generic.sty
Package: hobsub-generic 2012/05/28 v1.13 Bundle oberdiek, subset generic (HO)
Package: hobsub 2012/05/28 v1.13 Construct package bundles (HO)
Package hobsub Info: Skipping package `infwarerr' (already loaded).
Package hobsub Info: Skipping package `ltxcmds' (already loaded).
Package: ifluatex 2010/03/01 v1.3 Provides the ifluatex switch (HO)
Package ifluatex Info: LuaTeX not detected.
Package: ifvtex 2010/03/01 v1.5 Detect VTeX and its facilities (HO)
Package ifvtex Info: VTeX not detected.
Package: intcalc 2007/09/27 v1.1 Expandable calculations with integers (HO)
Package: ifpdf 2011/01/30 v2.3 Provides the ifpdf switch (HO)
Package ifpdf Info: pdfTeX in PDF mode is detected.
Package: etexcmds 2011/02/16 v1.5 Avoid name clashes with e-TeX commands (HO)
Package etexcmds Info: Could not find \expanded.
(etexcmds)             That can mean that you are not using pdfTeX 1.50 or
(etexcmds)             that some package has redefined \expanded.
(etexcmds)             In the latter case, load this package earlier.
Package: kvsetkeys 2012/04/25 v1.16 Key value parser (HO)
Package: kvdefinekeys 2011/04/07 v1.3 Define keys (HO)
Package: pdftexcmds 2011/11/29 v0.20 Utility functions of pdfTeX for LuaTeX (HO
)
Package pdftexcmds Info: LuaTeX not detected.
Package pdftexcmds Info: \pdf@primitive is available.
Package pdftexcmds Info: \pdf@ifprimitive is available.
Package pdftexcmds Info: \pdfdraftmode found.
Package: pdfescape 2011/11/25 v1.13 Implements pdfTeX's escape features (HO)
Package: bigintcalc 2012/04/08 v1.3 Expandable calculations on big integers (HO
)
Package: bitset 2011/01/30 v1.1 Handle bit-vector datatype (HO)
Package: uniquecounter 2011/01/30 v1.2 Provide unlimited unique counter (HO)
)
Package hobsub Info: Skipping package `hobsub' (already loaded).
Package: letltxmacro 2010/09/02 v1.4 Let assignment for LaTeX macros (HO)
Package: hopatch 2012/05/28 v1.2 Wrapper for package hooks (HO)
Package: xcolor-patch 2011/01/30 xcolor patch
Package: atveryend 2011/06/30 v1.8 Hooks at the very end of document (HO)
Package atveryend Info: \enddocument detected (standard20110627).
Package: atbegshi 2011/10/05 v1.16 At begin shipout hook (HO)
Package: refcount 2011/10/16 v3.4 Data extraction from label references (HO)
Package: hycolor 2011/01/30 v1.7 Color options for hyperref/bookmark (HO)
)
(/usr/share/texlive/texmf-dist/tex/generic/ifxetex/ifxetex.sty
Package: ifxetex 2010/09/12 v0.6 Provides ifxetex conditional
)
(/usr/share/texlive/texmf-dist/tex/latex/oberdiek/auxhook.sty
Package: auxhook 2011/03/04 v1.3 Hooks for auxiliary files (HO)
)
(/usr/share/texlive/texmf-dist/tex/latex/oberdiek/kvoptions.sty
Package: kvoptions 2011/06/30 v3.11 Key value format for package options (HO)
)
\@linkdim=\dimen105
\Hy@linkcounter=\count88
\Hy@pagecounter=\count89

(/usr/share/texlive/texmf-dist/tex/latex/hyperref/pd1enc.def
File: pd1enc.def 2012/11/06 v6.83m Hyperref: PDFDocEncoding definition (HO)
Now handling font encoding PD1 ...
... no UTF-8 mapping file for font encoding PD1
)
\Hy@SavedSpaceFactor=\count90

(/usr/share/texlive/texmf-dist/tex/latex/latexconfig/hyperref.cfg
File: hyperref.cfg 2002/06/06 v1.2 hyperref configuration of TeXLive
)
Package hyperref Info: Hyper figures OFF on input line 4443.
Package hyperref Info: Link nesting OFF on input line 4448.
Package hyperref Info: Hyper index ON on input line 4451.
Package hyperref Info: Plain pages OFF on input line 4458.
Package hyperref Info: Backreferencing OFF on input line 4463.
Package hyperref Info: Implicit mode ON; LaTeX internals redefined.
Package hyperref Info: Bookmarks ON on input line 4688.
\c@Hy@tempcnt=\count91

(/usr/share/texlive/texmf-dist/tex/latex/url/url.sty
\Urlmuskip=\muskip10
Package: url 2013/09/16  ver 3.4  Verb mode for urls, etc.
)
LaTeX Info: Redefining \url on input line 5041.
\XeTeXLinkMargin=\dimen106
\Fld@menulength=\count92
\Field@Width=\dimen107
\Fld@charsize=\dimen108
Package hyperref Info: Hyper figures OFF on input line 6295.
Package hyperref Info: Link nesting OFF on input line 6300.
Package hyperref Info: Hyper index ON on input line 6303.
Package hyperref Info: backreferencing OFF on input line 6310.
Package hyperref Info: Link coloring OFF on input line 6315.
Package hyperref Info: Link coloring with OCG OFF on input line 6320.
Package hyperref Info: PDF/A mode OFF on input line 6325.
LaTeX Info: Redefining \ref on input line 6365.
LaTeX Info: Redefining \pageref on input line 6369.
\Hy@abspage=\count93
\c@Item=\count94
\c@Hfootnote=\count95
)

Package hyperref Message: Driver (autodetected): hpdftex.

(/usr/share/texlive/texmf-dist/tex/latex/hyperref/hpdftex.def
File: hpdftex.def 2012/11/06 v6.83m Hyperref driver for pdfTeX
\Fld@listcount=\count96
\c@bookmark@seq@number=\count97

(/usr/share/texlive/texmf-dist/tex/latex/oberdiek/rerunfilecheck.sty
Package: rerunfilecheck 2011/04/15 v1.7 Rerun checks for auxiliary files (HO)
Package uniquecounter Info: New unique counter `rerunfilecheck' on input line 2
82.
)
\Hy@SectionHShift=\skip43
)
(./main.aux)
\openout1 = `main.aux'.

LaTeX Font Info:    Checking defaults for OML/cmm/m/it on input line 10.
LaTeX Font Info:    ... okay on input line 10.
LaTeX Font Info:    Checking defaults for T1/cmr/m/n on input line 10.
LaTeX Font Info:    ... okay on input line 10.
LaTeX Font Info:    Checking defaults for OT1/cmr/m/n on input line 10.
LaTeX Font Info:    ... okay on input line 10.
LaTeX Font Info:    Checking defaults for OMS/cmsy/m/n on input line 10.
LaTeX Font Info:    ... okay on input line 10.
LaTeX Font Info:    Checking defaults for OMX/cmex/m/n on input line 10.
LaTeX Font Info:    ... okay on input line 10.
LaTeX Font Info:    Checking defaults for U/cmr/m/n on input line 10.
LaTeX Font Info:    ... okay on input line 10.
LaTeX Font Info:    Checking defaults for PD1/pdf/m/n on input line 10.
LaTeX Font Info:    ... okay on input line 10.
 (/usr/share/texlive/texmf-dist/tex/context/base/supp-pdf.mkii
[Loading MPS to PDF converter (version 2006.09.02).]
\scratchcounter=\count98
\scratchdimen=\dimen109
\scratchbox=\box26
\nofMPsegments=\count99
\nofMParguments=\count100
\everyMPshowfont=\toks17
\MPscratchCnt=\count101
\MPscratchDim=\dimen110
\MPnumerator=\count102
\makeMPintoPDFobject=\count103
\everyMPtoPDFconversion=\toks18
) (/usr/share/texlive/texmf-dist/tex/latex/oberdiek/epstopdf-base.sty
Package: epstopdf-base 2010/02/09 v2.5 Base part for package epstopdf

(/usr/share/texlive/texmf-dist/tex/latex/oberdiek/grfext.sty
Package: grfext 2010/08/19 v1.1 Manage graphics extensions (HO)
)
Package grfext Info: Graphics extension search list:
(grfext)             [.png,.pdf,.jpg,.mps,.jpeg,.jbig2,.jb2,.PNG,.PDF,.JPG,.JPE
G,.JBIG2,.JB2,.eps]
(grfext)             \AppendGraphicsExtensions on input line 452.

(/usr/share/texlive/texmf-dist/tex/latex/latexconfig/epstopdf-sys.cfg
File: epstopdf-sys.cfg 2010/07/13 v1.3 Configuration of (r)epstopdf for TeX Liv
e
))
\AtBeginShipoutBox=\box27
Package hyperref Info: Link coloring OFF on input line 10.

(/usr/share/texlive/texmf-dist/tex/latex/hyperref/nameref.sty
Package: nameref 2012/10/27 v2.43 Cross-referencing by name of section

(/usr/share/texlive/texmf-dist/tex/generic/oberdiek/gettitlestring.sty
Package: gettitlestring 2010/12/03 v1.4 Cleanup title references (HO)
)
\c@section@level=\count104
)
LaTeX Info: Redefining \ref on input line 10.
LaTeX Info: Redefining \pageref on input line 10.
LaTeX Info: Redefining \nameref on input line 10.

(./main.out) (./main.out)
\@outlinefile=\write3
\openout3 = `main.out'.

LaTeX Font Info:    External font `cmex10' loaded for size
(Font)              <12> on input line 13.
LaTeX Font Info:    External font `cmex10' loaded for size
(Font)              <8> on input line 13.
LaTeX Font Info:    External font `cmex10' loaded for size
(Font)              <6> on input line 13.
Package epstopdf Info: Source file: <images/dataset1.eps>
(epstopdf)                    date: 2017-02-01 16:12:48
(epstopdf)                    size: 281107 bytes
(epstopdf)             Output file: <images/dataset1-eps-converted-to.pdf>
(epstopdf)                    date: 2017-02-05 07:16:29
(epstopdf)                    size: 49837 bytes
(epstopdf)             Command: <repstopdf --outfile=images/dataset1-eps-conver
ted-to.pdf images/dataset1.eps>
(epstopdf)             \includegraphics on input line 23.
Package epstopdf Info: Output file is already uptodate.

<images/dataset1-eps-converted-to.pdf, id=85, 421.575pt x 316.18124pt>
File: images/dataset1-eps-converted-to.pdf Graphic file (type pdf)

<use images/dataset1-eps-converted-to.pdf>
Package pdftex.def Info: images/dataset1-eps-converted-to.pdf used on input lin
e 23.
(pdftex.def)             Requested size: 151.74757pt x 113.81102pt.
Package epstopdf Info: Source file: <images/dataset2.eps>
(epstopdf)                    date: 2017-02-01 16:12:50
(epstopdf)                    size: 281578 bytes
(epstopdf)             Output file: <images/dataset2-eps-converted-to.pdf>
(epstopdf)                    date: 2017-02-05 07:19:08
(epstopdf)                    size: 50654 bytes
(epstopdf)             Command: <repstopdf --outfile=images/dataset2-eps-conver
ted-to.pdf images/dataset2.eps>
(epstopdf)             \includegraphics on input line 32.
Package epstopdf Info: Output file is already uptodate.

<images/dataset2-eps-converted-to.pdf, id=86, 414.54875pt x 294.09875pt>
File: images/dataset2-eps-converted-to.pdf Graphic file (type pdf)

<use images/dataset2-eps-converted-to.pdf>
Package pdftex.def Info: images/dataset2-eps-converted-to.pdf used on input lin
e 32.
(pdftex.def)             Requested size: 160.4209pt x 113.81102pt.
 [1

{/var/lib/texmf/fonts/map/pdftex/updmap/pdftex.map} <./images/dataset1-eps-conv
erted-to.pdf>]
Package epstopdf Info: Source file: <images/dataset3.eps>
(epstopdf)                    date: 2017-02-01 16:12:48
(epstopdf)                    size: 283217 bytes
(epstopdf)             Output file: <images/dataset3-eps-converted-to.pdf>
(epstopdf)                    date: 2017-02-05 07:19:09
(epstopdf)                    size: 50836 bytes
(epstopdf)             Command: <repstopdf --outfile=images/dataset3-eps-conver
ted-to.pdf images/dataset3.eps>
(epstopdf)             \includegraphics on input line 41.
Package epstopdf Info: Output file is already uptodate.

<images/dataset3-eps-converted-to.pdf, id=102, 414.54875pt x 294.09875pt>
File: images/dataset3-eps-converted-to.pdf Graphic file (type pdf)

<use images/dataset3-eps-converted-to.pdf>
Package pdftex.def Info: images/dataset3-eps-converted-to.pdf used on input lin
e 41.
(pdftex.def)             Requested size: 160.4209pt x 113.81102pt.
 [2 <./images/dataset2-eps-converted-to.pdf> <./images/dataset3-eps-converted-t
o.pdf>]
Package epstopdf Info: Source file: <images/bestkdataset1.eps>
(epstopdf)                    date: 2017-02-01 16:12:48
(epstopdf)                    size: 27162 bytes
(epstopdf)             Output file: <images/bestkdataset1-eps-converted-to.pdf>

(epstopdf)                    date: 2017-02-05 07:19:09
(epstopdf)                    size: 7500 bytes
(epstopdf)             Command: <repstopdf --outfile=images/bestkdataset1-eps-c
onverted-to.pdf images/bestkdataset1.eps>
(epstopdf)             \includegraphics on input line 63.
Package epstopdf Info: Output file is already uptodate.

<images/bestkdataset1-eps-converted-to.pdf, id=119, 421.575pt x 316.18124pt>
File: images/bestkdataset1-eps-converted-to.pdf Graphic file (type pdf)

<use images/bestkdataset1-eps-converted-to.pdf>
Package pdftex.def Info: images/bestkdataset1-eps-converted-to.pdf used on inpu
t line 63.
(pdftex.def)             Requested size: 151.74757pt x 113.81102pt.
Package epstopdf Info: Source file: <images/resultsknn1.eps>
(epstopdf)                    date: 2017-02-01 16:12:48
(epstopdf)                    size: 53198 bytes
(epstopdf)             Output file: <images/resultsknn1-eps-converted-to.pdf>
(epstopdf)                    date: 2017-02-05 07:19:10
(epstopdf)                    size: 15846 bytes
(epstopdf)             Command: <repstopdf --outfile=images/resultsknn1-eps-con
verted-to.pdf images/resultsknn1.eps>
(epstopdf)             \includegraphics on input line 74.
Package epstopdf Info: Output file is already uptodate.

<images/resultsknn1-eps-converted-to.pdf, id=120, 421.575pt x 316.18124pt>
File: images/resultsknn1-eps-converted-to.pdf Graphic file (type pdf)

<use images/resultsknn1-eps-converted-to.pdf>
Package pdftex.def Info: images/resultsknn1-eps-converted-to.pdf used on input 
line 74.
(pdftex.def)             Requested size: 151.74757pt x 113.81102pt.
Package epstopdf Info: Source file: <images/bestkdataset2.eps>
(epstopdf)                    date: 2017-02-01 16:12:48
(epstopdf)                    size: 26447 bytes
(epstopdf)             Output file: <images/bestkdataset2-eps-converted-to.pdf>

(epstopdf)                    date: 2017-02-05 07:19:10
(epstopdf)                    size: 7595 bytes
(epstopdf)             Command: <repstopdf --outfile=images/bestkdataset2-eps-c
onverted-to.pdf images/bestkdataset2.eps>
(epstopdf)             \includegraphics on input line 85.
Package epstopdf Info: Output file is already uptodate.

<images/bestkdataset2-eps-converted-to.pdf, id=121, 421.575pt x 316.18124pt>
File: images/bestkdataset2-eps-converted-to.pdf Graphic file (type pdf)

<use images/bestkdataset2-eps-converted-to.pdf>
Package pdftex.def Info: images/bestkdataset2-eps-converted-to.pdf used on inpu
t line 85.
(pdftex.def)             Requested size: 151.74757pt x 113.81102pt.
Package epstopdf Info: Source file: <images/resultsknn2.eps>
(epstopdf)                    date: 2017-02-01 16:12:50
(epstopdf)                    size: 53512 bytes
(epstopdf)             Output file: <images/resultsknn2-eps-converted-to.pdf>
(epstopdf)                    date: 2017-02-05 07:19:11
(epstopdf)                    size: 16744 bytes
(epstopdf)             Command: <repstopdf --outfile=images/resultsknn2-eps-con
verted-to.pdf images/resultsknn2.eps>
(epstopdf)             \includegraphics on input line 94.
Package epstopdf Info: Output file is already uptodate.

<images/resultsknn2-eps-converted-to.pdf, id=123, 421.575pt x 316.18124pt>
File: images/resultsknn2-eps-converted-to.pdf Graphic file (type pdf)

<use images/resultsknn2-eps-converted-to.pdf>
Package pdftex.def Info: images/resultsknn2-eps-converted-to.pdf used on input 
line 94.
(pdftex.def)             Requested size: 151.74757pt x 113.81102pt.
 [3]
Package epstopdf Info: Source file: <images/bestkdataset3.eps>
(epstopdf)                    date: 2017-02-01 16:12:48
(epstopdf)                    size: 26788 bytes
(epstopdf)             Output file: <images/bestkdataset3-eps-converted-to.pdf>

(epstopdf)                    date: 2017-02-05 07:19:12
(epstopdf)                    size: 7596 bytes
(epstopdf)             Command: <repstopdf --outfile=images/bestkdataset3-eps-c
onverted-to.pdf images/bestkdataset3.eps>
(epstopdf)             \includegraphics on input line 105.
Package epstopdf Info: Output file is already uptodate.

<images/bestkdataset3-eps-converted-to.pdf, id=130, 414.54875pt x 294.09875pt>
File: images/bestkdataset3-eps-converted-to.pdf Graphic file (type pdf)

<use images/bestkdataset3-eps-converted-to.pdf>
Package pdftex.def Info: images/bestkdataset3-eps-converted-to.pdf used on inpu
t line 105.
(pdftex.def)             Requested size: 160.4209pt x 113.81102pt.
Package epstopdf Info: Source file: <images/resultsknn3.eps>
(epstopdf)                    date: 2017-02-01 16:12:50
(epstopdf)                    size: 61469 bytes
(epstopdf)             Output file: <images/resultsknn3-eps-converted-to.pdf>
(epstopdf)                    date: 2017-02-05 07:19:12
(epstopdf)                    size: 18014 bytes
(epstopdf)             Command: <repstopdf --outfile=images/resultsknn3-eps-con
verted-to.pdf images/resultsknn3.eps>
(epstopdf)             \includegraphics on input line 114.
Package epstopdf Info: Output file is already uptodate.

<images/resultsknn3-eps-converted-to.pdf, id=132, 421.575pt x 316.18124pt>
File: images/resultsknn3-eps-converted-to.pdf Graphic file (type pdf)

<use images/resultsknn3-eps-converted-to.pdf>
Package pdftex.def Info: images/resultsknn3-eps-converted-to.pdf used on input 
line 114.
(pdftex.def)             Requested size: 151.74757pt x 113.81102pt.
Package epstopdf Info: Source file: <images/bestkdataset4.eps>
(epstopdf)                    date: 2017-02-01 16:12:48
(epstopdf)                    size: 26978 bytes
(epstopdf)             Output file: <images/bestkdataset4-eps-converted-to.pdf>

(epstopdf)                    date: 2017-02-05 07:19:13
(epstopdf)                    size: 8066 bytes
(epstopdf)             Command: <repstopdf --outfile=images/bestkdataset4-eps-c
onverted-to.pdf images/bestkdataset4.eps>
(epstopdf)             \includegraphics on input line 124.
Package epstopdf Info: Output file is already uptodate.

<images/bestkdataset4-eps-converted-to.pdf, id=133, 421.575pt x 316.18124pt>
File: images/bestkdataset4-eps-converted-to.pdf Graphic file (type pdf)

<use images/bestkdataset4-eps-converted-to.pdf>
Package pdftex.def Info: images/bestkdataset4-eps-converted-to.pdf used on inpu
t line 124.
(pdftex.def)             Requested size: 151.74757pt x 113.81102pt.
 [4 <./images/bestkdataset1-eps-converted-to.pdf> <./images/resultsknn1-eps-con
verted-to.pdf> <./images/bestkdataset2-eps-converted-to.pdf>]
Package epstopdf Info: Source file: <images/resultsknn4.eps>
(epstopdf)                    date: 2017-02-01 16:12:50
(epstopdf)                    size: 71064 bytes
(epstopdf)             Output file: <images/resultsknn4-eps-converted-to.pdf>
(epstopdf)                    date: 2017-02-05 07:19:13
(epstopdf)                    size: 17782 bytes
(epstopdf)             Command: <repstopdf --outfile=images/resultsknn4-eps-con
verted-to.pdf images/resultsknn4.eps>
(epstopdf)             \includegraphics on input line 133.
Package epstopdf Info: Output file is already uptodate.

<images/resultsknn4-eps-converted-to.pdf, id=162, 421.575pt x 316.18124pt>
File: images/resultsknn4-eps-converted-to.pdf Graphic file (type pdf)

<use images/resultsknn4-eps-converted-to.pdf>
Package pdftex.def Info: images/resultsknn4-eps-converted-to.pdf used on input 
line 133.
(pdftex.def)             Requested size: 151.74757pt x 113.81102pt.
 [5 <./images/resultsknn2-eps-converted-to.pdf> <./images/bestkdataset3-eps-con
verted-to.pdf> <./images/resultsknn3-eps-converted-to.pdf>]
LaTeX Font Info:    External font `cmex10' loaded for size
(Font)              <7> on input line 144.
LaTeX Font Info:    External font `cmex10' loaded for size
(Font)              <5> on input line 144.
 [6 <./images/bestkdataset4-eps-converted-to.pdf> <./images/resultsknn4-eps-con
verted-to.pdf>] [7]
Package epstopdf Info: Source file: <images/single_data1_error.eps>
(epstopdf)                    date: 2017-02-05 07:33:27
(epstopdf)                    size: 44379 bytes
(epstopdf)             Output file: <images/single_data1_error-eps-converted-to
.pdf>
(epstopdf)                    date: 2017-02-05 07:34:11
(epstopdf)                    size: 19314 bytes
(epstopdf)             Command: <repstopdf --outfile=images/single_data1_error-
eps-converted-to.pdf images/single_data1_error.eps>
(epstopdf)             \includegraphics on input line 213.
Package epstopdf Info: Output file is already uptodate.

<images/single_data1_error-eps-converted-to.pdf, id=247, 456.70625pt x 339.2675
pt>
File: images/single_data1_error-eps-converted-to.pdf Graphic file (type pdf)
 <use images/single_data1_error-eps-converted-to.pdf>
Package pdftex.def Info: images/single_data1_error-eps-converted-to.pdf used on
 input line 213.
(pdftex.def)             Requested size: 153.20137pt x 113.81102pt.
Package epstopdf Info: Source file: <images/single_data1_result_train.eps>
(epstopdf)                    date: 2017-02-05 07:33:28
(epstopdf)                    size: 62127 bytes
(epstopdf)             Output file: <images/single_data1_result_train-eps-conve
rted-to.pdf>
(epstopdf)                    date: 2017-02-05 07:37:26
(epstopdf)                    size: 22267 bytes
(epstopdf)             Command: <repstopdf --outfile=images/single_data1_result
_train-eps-converted-to.pdf images/single_data1_result_train.eps>
(epstopdf)             \includegraphics on input line 220.
Package epstopdf Info: Output file is already uptodate.

<images/single_data1_result_train-eps-converted-to.pdf, id=248, 449.68pt x 337.
26pt>
File: images/single_data1_result_train-eps-converted-to.pdf Graphic file (type 
pdf)
 <use images/single_data1_result_train-eps-converted-to.pdf>
Package pdftex.def Info: images/single_data1_result_train-eps-converted-to.pdf 
used on input line 220.
(pdftex.def)             Requested size: 151.74329pt x 113.81102pt.
Package epstopdf Info: Source file: <images/single_data1_result_test.eps>
(epstopdf)                    date: 2017-02-05 07:33:28
(epstopdf)                    size: 61469 bytes
(epstopdf)             Output file: <images/single_data1_result_test-eps-conver
ted-to.pdf>
(epstopdf)                    date: 2017-02-05 07:37:27
(epstopdf)                    size: 22106 bytes
(epstopdf)             Command: <repstopdf --outfile=images/single_data1_result
_test-eps-converted-to.pdf images/single_data1_result_test.eps>
(epstopdf)             \includegraphics on input line 227.
Package epstopdf Info: Output file is already uptodate.

<images/single_data1_result_test-eps-converted-to.pdf, id=249, 449.68pt x 337.2
6pt>
File: images/single_data1_result_test-eps-converted-to.pdf Graphic file (type p
df)
 <use images/single_data1_result_test-eps-converted-to.pdf>
Package pdftex.def Info: images/single_data1_result_test-eps-converted-to.pdf u
sed on input line 227.
(pdftex.def)             Requested size: 151.74329pt x 113.81102pt.
 [8 <./images/single_data1_error-eps-converted-to.pdf> <./images/single_data1_r
esult_train-eps-converted-to.pdf>]
Package epstopdf Info: Source file: <images/single_data2_error.eps>
(epstopdf)                    date: 2017-02-05 07:33:29
(epstopdf)                    size: 45786 bytes
(epstopdf)             Output file: <images/single_data2_error-eps-converted-to
.pdf>
(epstopdf)                    date: 2017-02-05 07:43:27
(epstopdf)                    size: 19285 bytes
(epstopdf)             Command: <repstopdf --outfile=images/single_data2_error-
eps-converted-to.pdf images/single_data2_error.eps>
(epstopdf)             \includegraphics on input line 237.
Package epstopdf Info: Output file is already uptodate.

<images/single_data2_error-eps-converted-to.pdf, id=280, 449.68pt x 337.26pt>
File: images/single_data2_error-eps-converted-to.pdf Graphic file (type pdf)

<use images/single_data2_error-eps-converted-to.pdf>
Package pdftex.def Info: images/single_data2_error-eps-converted-to.pdf used on
 input line 237.
(pdftex.def)             Requested size: 151.74329pt x 113.81102pt.
Package epstopdf Info: Source file: <images/single_data2_result_train.eps>
(epstopdf)                    date: 2017-02-05 07:33:30
(epstopdf)                    size: 61934 bytes
(epstopdf)             Output file: <images/single_data2_result_train-eps-conve
rted-to.pdf>
(epstopdf)                    date: 2017-02-05 07:43:27
(epstopdf)                    size: 22048 bytes
(epstopdf)             Command: <repstopdf --outfile=images/single_data2_result
_train-eps-converted-to.pdf images/single_data2_result_train.eps>
(epstopdf)             \includegraphics on input line 244.
Package epstopdf Info: Output file is already uptodate.

<images/single_data2_result_train-eps-converted-to.pdf, id=281, 449.68pt x 337.
26pt>
File: images/single_data2_result_train-eps-converted-to.pdf Graphic file (type 
pdf)
 <use images/single_data2_result_train-eps-converted-to.pdf>
Package pdftex.def Info: images/single_data2_result_train-eps-converted-to.pdf 
used on input line 244.
(pdftex.def)             Requested size: 151.74329pt x 113.81102pt.
Package epstopdf Info: Source file: <images/single_data2_result_test.eps>
(epstopdf)                    date: 2017-02-05 07:33:30
(epstopdf)                    size: 63480 bytes
(epstopdf)             Output file: <images/single_data2_result_test-eps-conver
ted-to.pdf>
(epstopdf)                    date: 2017-02-05 07:43:28
(epstopdf)                    size: 22179 bytes
(epstopdf)             Command: <repstopdf --outfile=images/single_data2_result
_test-eps-converted-to.pdf images/single_data2_result_test.eps>
(epstopdf)             \includegraphics on input line 251.
Package epstopdf Info: Output file is already uptodate.

<images/single_data2_result_test-eps-converted-to.pdf, id=282, 456.70625pt x 33
9.2675pt>
File: images/single_data2_result_test-eps-converted-to.pdf Graphic file (type p
df)
 <use images/single_data2_result_test-eps-converted-to.pdf>
Package pdftex.def Info: images/single_data2_result_test-eps-converted-to.pdf u
sed on input line 251.
(pdftex.def)             Requested size: 153.20137pt x 113.81102pt.
Package epstopdf Info: Source file: <images/single_data3_error.eps>
(epstopdf)                    date: 2017-02-05 07:33:31
(epstopdf)                    size: 41663 bytes
(epstopdf)             Output file: <images/single_data3_error-eps-converted-to
.pdf>
(epstopdf)                    date: 2017-02-05 07:43:28
(epstopdf)                    size: 18126 bytes
(epstopdf)             Command: <repstopdf --outfile=images/single_data3_error-
eps-converted-to.pdf images/single_data3_error.eps>
(epstopdf)             \includegraphics on input line 261.
Package epstopdf Info: Output file is already uptodate.

<images/single_data3_error-eps-converted-to.pdf, id=286, 449.68pt x 337.26pt>
File: images/single_data3_error-eps-converted-to.pdf Graphic file (type pdf)

<use images/single_data3_error-eps-converted-to.pdf>
Package pdftex.def Info: images/single_data3_error-eps-converted-to.pdf used on
 input line 261.
(pdftex.def)             Requested size: 151.74329pt x 113.81102pt.
Package epstopdf Info: Source file: <images/single_data3_result_train.eps>
(epstopdf)                    date: 2017-02-05 07:33:32
(epstopdf)                    size: 69927 bytes
(epstopdf)             Output file: <images/single_data3_result_train-eps-conve
rted-to.pdf>
(epstopdf)                    date: 2017-02-05 07:43:29
(epstopdf)                    size: 24876 bytes
(epstopdf)             Command: <repstopdf --outfile=images/single_data3_result
_train-eps-converted-to.pdf images/single_data3_result_train.eps>
(epstopdf)             \includegraphics on input line 268.
Package epstopdf Info: Output file is already uptodate.

<images/single_data3_result_train-eps-converted-to.pdf, id=287, 449.68pt x 337.
26pt>
File: images/single_data3_result_train-eps-converted-to.pdf Graphic file (type 
pdf)
 <use images/single_data3_result_train-eps-converted-to.pdf>
Package pdftex.def Info: images/single_data3_result_train-eps-converted-to.pdf 
used on input line 268.
(pdftex.def)             Requested size: 151.74329pt x 113.81102pt.
Package epstopdf Info: Source file: <images/single_data3_result_test.eps>
(epstopdf)                    date: 2017-02-05 07:33:31
(epstopdf)                    size: 69920 bytes
(epstopdf)             Output file: <images/single_data3_result_test-eps-conver
ted-to.pdf>
(epstopdf)                    date: 2017-02-05 07:43:29
(epstopdf)                    size: 24889 bytes
(epstopdf)             Command: <repstopdf --outfile=images/single_data3_result
_test-eps-converted-to.pdf images/single_data3_result_test.eps>
(epstopdf)             \includegraphics on input line 275.
Package epstopdf Info: Output file is already uptodate.

<images/single_data3_result_test-eps-converted-to.pdf, id=288, 449.68pt x 337.2
6pt>
File: images/single_data3_result_test-eps-converted-to.pdf Graphic file (type p
df)
 <use images/single_data3_result_test-eps-converted-to.pdf>
Package pdftex.def Info: images/single_data3_result_test-eps-converted-to.pdf u
sed on input line 275.
(pdftex.def)             Requested size: 151.74329pt x 113.81102pt.
 [9 <./images/single_data1_result_test-eps-converted-to.pdf> <./images/single_d
ata2_error-eps-converted-to.pdf> <./images/single_data2_result_train-eps-conver
ted-to.pdf>]
Package epstopdf Info: Source file: <images/single_data4_error.eps>
(epstopdf)                    date: 2017-02-05 07:33:33
(epstopdf)                    size: 93588 bytes
(epstopdf)             Output file: <images/single_data4_error-eps-converted-to
.pdf>
(epstopdf)                    date: 2017-02-05 07:48:10
(epstopdf)                    size: 31967 bytes
(epstopdf)             Command: <repstopdf --outfile=images/single_data4_error-
eps-converted-to.pdf images/single_data4_error.eps>
(epstopdf)             \includegraphics on input line 285.
Package epstopdf Info: Output file is already uptodate.

<images/single_data4_error-eps-converted-to.pdf, id=329, 457.71pt x 353.32pt>
File: images/single_data4_error-eps-converted-to.pdf Graphic file (type pdf)

<use images/single_data4_error-eps-converted-to.pdf>
Package pdftex.def Info: images/single_data4_error-eps-converted-to.pdf used on
 input line 285.
(pdftex.def)             Requested size: 147.43399pt x 113.81102pt.
Package epstopdf Info: Source file: <images/single_data4_result.eps>
(epstopdf)                    date: 2017-02-05 07:33:33
(epstopdf)                    size: 54224 bytes
(epstopdf)             Output file: <images/single_data4_result-eps-converted-t
o.pdf>
(epstopdf)                    date: 2017-02-05 07:48:47
(epstopdf)                    size: 15493 bytes
(epstopdf)             Command: <repstopdf --outfile=images/single_data4_result
-eps-converted-to.pdf images/single_data4_result.eps>
(epstopdf)             \includegraphics on input line 292.
Package epstopdf Info: Output file is already uptodate.

<images/single_data4_result-eps-converted-to.pdf, id=330, 449.68pt x 337.26pt>
File: images/single_data4_result-eps-converted-to.pdf Graphic file (type pdf)

<use images/single_data4_result-eps-converted-to.pdf>
Package pdftex.def Info: images/single_data4_result-eps-converted-to.pdf used o
n input line 292.
(pdftex.def)             Requested size: 151.74329pt x 113.81102pt.
Package epstopdf Info: Source file: <images/multi_data1_error.eps>
(epstopdf)                    date: 2017-02-05 17:40:49
(epstopdf)                    size: 20276 bytes
(epstopdf)             Output file: <images/multi_data1_error-eps-converted-to.
pdf>
(epstopdf)                    date: 2017-02-05 18:33:45
(epstopdf)                    size: 9976 bytes
(epstopdf)             Command: <repstopdf --outfile=images/multi_data1_error-e
ps-converted-to.pdf images/multi_data1_error.eps>
(epstopdf)             \includegraphics on input line 304.
Package epstopdf Info: Output file is already uptodate.

<images/multi_data1_error-eps-converted-to.pdf, id=334, 421.575pt x 316.18124pt
>
File: images/multi_data1_error-eps-converted-to.pdf Graphic file (type pdf)
 <use images/multi_data1_error-eps-converted-to.pdf>
Package pdftex.def Info: images/multi_data1_error-eps-converted-to.pdf used on 
input line 304.
(pdftex.def)             Requested size: 151.74757pt x 113.81102pt.
 [10 <./images/single_data2_result_test-eps-converted-to.pdf> <./images/single_
data3_error-eps-converted-to.pdf> <./images/single_data3_result_train-eps-conve
rted-to.pdf>]
Package epstopdf Info: Source file: <images/multi_data1_result_train.eps>
(epstopdf)                    date: 2017-02-05 17:41:09
(epstopdf)                    size: 52930 bytes
(epstopdf)             Output file: <images/multi_data1_result_train-eps-conver
ted-to.pdf>
(epstopdf)                    date: 2017-02-05 18:33:46
(epstopdf)                    size: 16336 bytes
(epstopdf)             Command: <repstopdf --outfile=images/multi_data1_result_
train-eps-converted-to.pdf images/multi_data1_result_train.eps>
(epstopdf)             \includegraphics on input line 311.
Package epstopdf Info: Output file is already uptodate.

<images/multi_data1_result_train-eps-converted-to.pdf, id=370, 421.575pt x 316.
18124pt>
File: images/multi_data1_result_train-eps-converted-to.pdf Graphic file (type p
df)
 <use images/multi_data1_result_train-eps-converted-to.pdf>
Package pdftex.def Info: images/multi_data1_result_train-eps-converted-to.pdf u
sed on input line 311.
(pdftex.def)             Requested size: 151.74757pt x 113.81102pt.
Package epstopdf Info: Source file: <images/multi_data1_result_test.eps>
(epstopdf)                    date: 2017-02-05 17:41:21
(epstopdf)                    size: 52916 bytes
(epstopdf)             Output file: <images/multi_data1_result_test-eps-convert
ed-to.pdf>
(epstopdf)                    date: 2017-02-05 18:33:46
(epstopdf)                    size: 16329 bytes
(epstopdf)             Command: <repstopdf --outfile=images/multi_data1_result_
test-eps-converted-to.pdf images/multi_data1_result_test.eps>
(epstopdf)             \includegraphics on input line 318.
Package epstopdf Info: Output file is already uptodate.

<images/multi_data1_result_test-eps-converted-to.pdf, id=371, 421.575pt x 316.1
8124pt>
File: images/multi_data1_result_test-eps-converted-to.pdf Graphic file (type pd
f)
 <use images/multi_data1_result_test-eps-converted-to.pdf>
Package pdftex.def Info: images/multi_data1_result_test-eps-converted-to.pdf us
ed on input line 318.
(pdftex.def)             Requested size: 151.74757pt x 113.81102pt.
Package epstopdf Info: Source file: <images/multi_data2_error.eps>
(epstopdf)                    date: 2017-02-05 18:27:29
(epstopdf)                    size: 371148 bytes
(epstopdf)             Output file: <images/multi_data2_error-eps-converted-to.
pdf>
(epstopdf)                    date: 2017-02-05 18:33:47
(epstopdf)                    size: 96375 bytes
(epstopdf)             Command: <repstopdf --outfile=images/multi_data2_error-e
ps-converted-to.pdf images/multi_data2_error.eps>
(epstopdf)             \includegraphics on input line 328.
Package epstopdf Info: Output file is already uptodate.

<images/multi_data2_error-eps-converted-to.pdf, id=375, 421.575pt x 316.18124pt
>
File: images/multi_data2_error-eps-converted-to.pdf Graphic file (type pdf)
 <use images/multi_data2_error-eps-converted-to.pdf>
Package pdftex.def Info: images/multi_data2_error-eps-converted-to.pdf used on 
input line 328.
(pdftex.def)             Requested size: 151.74757pt x 113.81102pt.
Package epstopdf Info: Source file: <images/multi_data2_result_train.eps>
(epstopdf)                    date: 2017-02-05 18:27:39
(epstopdf)                    size: 52116 bytes
(epstopdf)             Output file: <images/multi_data2_result_train-eps-conver
ted-to.pdf>
(epstopdf)                    date: 2017-02-05 18:33:48
(epstopdf)                    size: 16303 bytes
(epstopdf)             Command: <repstopdf --outfile=images/multi_data2_result_
train-eps-converted-to.pdf images/multi_data2_result_train.eps>
(epstopdf)             \includegraphics on input line 335.
Package epstopdf Info: Output file is already uptodate.

<images/multi_data2_result_train-eps-converted-to.pdf, id=376, 421.575pt x 316.
18124pt>
File: images/multi_data2_result_train-eps-converted-to.pdf Graphic file (type p
df)
 <use images/multi_data2_result_train-eps-converted-to.pdf>
Package pdftex.def Info: images/multi_data2_result_train-eps-converted-to.pdf u
sed on input line 335.
(pdftex.def)             Requested size: 151.74757pt x 113.81102pt.
Package epstopdf Info: Source file: <images/multi_data2_result_test.eps>
(epstopdf)                    date: 2017-02-05 18:27:46
(epstopdf)                    size: 52230 bytes
(epstopdf)             Output file: <images/multi_data2_result_test-eps-convert
ed-to.pdf>
(epstopdf)                    date: 2017-02-05 18:33:49
(epstopdf)                    size: 16314 bytes
(epstopdf)             Command: <repstopdf --outfile=images/multi_data2_result_
test-eps-converted-to.pdf images/multi_data2_result_test.eps>
(epstopdf)             \includegraphics on input line 342.
Package epstopdf Info: Output file is already uptodate.

<images/multi_data2_result_test-eps-converted-to.pdf, id=377, 427.5975pt x 317.
185pt>
File: images/multi_data2_result_test-eps-converted-to.pdf Graphic file (type pd
f)
 <use images/multi_data2_result_test-eps-converted-to.pdf>
Package pdftex.def Info: images/multi_data2_result_test-eps-converted-to.pdf us
ed on input line 342.
(pdftex.def)             Requested size: 153.42606pt x 113.81102pt.
Package epstopdf Info: Source file: <images/multi_data3_error.eps>
(epstopdf)                    date: 2017-02-05 18:23:49
(epstopdf)                    size: 726097 bytes
(epstopdf)             Output file: <images/multi_data3_error-eps-converted-to.
pdf>
(epstopdf)                    date: 2017-02-05 18:33:50
(epstopdf)                    size: 200413 bytes
(epstopdf)             Command: <repstopdf --outfile=images/multi_data3_error-e
ps-converted-to.pdf images/multi_data3_error.eps>
(epstopdf)             \includegraphics on input line 352.
Package epstopdf Info: Output file is already uptodate.

<images/multi_data3_error-eps-converted-to.pdf, id=381, 421.575pt x 316.18124pt
>
File: images/multi_data3_error-eps-converted-to.pdf Graphic file (type pdf)
 <use images/multi_data3_error-eps-converted-to.pdf>
Package pdftex.def Info: images/multi_data3_error-eps-converted-to.pdf used on 
input line 352.
(pdftex.def)             Requested size: 151.74757pt x 113.81102pt.
Package epstopdf Info: Source file: <images/multi_data3_result_train.eps>
(epstopdf)                    date: 2017-02-05 18:24:05
(epstopdf)                    size: 61757 bytes
(epstopdf)             Output file: <images/multi_data3_result_train-eps-conver
ted-to.pdf>
(epstopdf)                    date: 2017-02-05 18:33:51
(epstopdf)                    size: 18637 bytes
(epstopdf)             Command: <repstopdf --outfile=images/multi_data3_result_
train-eps-converted-to.pdf images/multi_data3_result_train.eps>
(epstopdf)             \includegraphics on input line 359.
Package epstopdf Info: Output file is already uptodate.

<images/multi_data3_result_train-eps-converted-to.pdf, id=382, 421.575pt x 316.
18124pt>
File: images/multi_data3_result_train-eps-converted-to.pdf Graphic file (type p
df)
 <use images/multi_data3_result_train-eps-converted-to.pdf>
Package pdftex.def Info: images/multi_data3_result_train-eps-converted-to.pdf u
sed on input line 359.
(pdftex.def)             Requested size: 151.74757pt x 113.81102pt.
Package epstopdf Info: Source file: <images/multi_data3_result_test.eps>
(epstopdf)                    date: 2017-02-05 18:24:15
(epstopdf)                    size: 61845 bytes
(epstopdf)             Output file: <images/multi_data3_result_test-eps-convert
ed-to.pdf>
(epstopdf)                    date: 2017-02-05 18:33:51
(epstopdf)                    size: 18481 bytes
(epstopdf)             Command: <repstopdf --outfile=images/multi_data3_result_
test-eps-converted-to.pdf images/multi_data3_result_test.eps>
(epstopdf)             \includegraphics on input line 366.
Package epstopdf Info: Output file is already uptodate.

<images/multi_data3_result_test-eps-converted-to.pdf, id=383, 427.5975pt x 317.
185pt>
File: images/multi_data3_result_test-eps-converted-to.pdf Graphic file (type pd
f)
 <use images/multi_data3_result_test-eps-converted-to.pdf>
Package pdftex.def Info: images/multi_data3_result_test-eps-converted-to.pdf us
ed on input line 366.
(pdftex.def)             Requested size: 153.42606pt x 113.81102pt.
 [11 <./images/single_data3_result_test-eps-converted-to.pdf> <./images/single_
data4_error-eps-converted-to.pdf> <./images/single_data4_result-eps-converted-t
o.pdf>]
Package epstopdf Info: Source file: <images/multi_data4_error.eps>
(epstopdf)                    date: 2017-02-05 18:20:06
(epstopdf)                    size: 371224 bytes
(epstopdf)             Output file: <images/multi_data4_error-eps-converted-to.
pdf>
(epstopdf)                    date: 2017-02-05 18:33:52
(epstopdf)                    size: 51175 bytes
(epstopdf)             Command: <repstopdf --outfile=images/multi_data4_error-e
ps-converted-to.pdf images/multi_data4_error.eps>
(epstopdf)             \includegraphics on input line 376.
Package epstopdf Info: Output file is already uptodate.

<images/multi_data4_error-eps-converted-to.pdf, id=431, 421.575pt x 316.18124pt
>
File: images/multi_data4_error-eps-converted-to.pdf Graphic file (type pdf)
 <use images/multi_data4_error-eps-converted-to.pdf>
Package pdftex.def Info: images/multi_data4_error-eps-converted-to.pdf used on 
input line 376.
(pdftex.def)             Requested size: 151.74757pt x 113.81102pt.
Package epstopdf Info: Source file: <images/multi_data4_result.eps>
(epstopdf)                    date: 2017-02-05 18:20:21
(epstopdf)                    size: 71026 bytes
(epstopdf)             Output file: <images/multi_data4_result-eps-converted-to
.pdf>
(epstopdf)                    date: 2017-02-05 18:33:53
(epstopdf)                    size: 17886 bytes
(epstopdf)             Command: <repstopdf --outfile=images/multi_data4_result-
eps-converted-to.pdf images/multi_data4_result.eps>
(epstopdf)             \includegraphics on input line 383.
Package epstopdf Info: Output file is already uptodate.

<images/multi_data4_result-eps-converted-to.pdf, id=432, 421.575pt x 316.18124p
t>
File: images/multi_data4_result-eps-converted-to.pdf Graphic file (type pdf)
 <use images/multi_data4_result-eps-converted-to.pdf>
Package pdftex.def Info: images/multi_data4_result-eps-converted-to.pdf used on
 input line 383.
(pdftex.def)             Requested size: 151.74757pt x 113.81102pt.
 [12 <./images/multi_data1_error-eps-converted-to.pdf> <./images/multi_data1_re
sult_train-eps-converted-to.pdf> <./images/multi_data1_result_test-eps-converte
d-to.pdf>]
Package epstopdf Info: Source file: <images/overfit_error.eps>
(epstopdf)                    date: 2017-02-05 18:47:57
(epstopdf)                    size: 368571 bytes
(epstopdf)             Output file: <images/overfit_error-eps-converted-to.pdf>

(epstopdf)                    date: 2017-02-05 18:56:44
(epstopdf)                    size: 82443 bytes
(epstopdf)             Command: <repstopdf --outfile=images/overfit_error-eps-c
onverted-to.pdf images/overfit_error.eps>
(epstopdf)             \includegraphics on input line 395.
Package epstopdf Info: Output file is already uptodate.

<images/overfit_error-eps-converted-to.pdf, id=468, 427.5975pt x 317.185pt>
File: images/overfit_error-eps-converted-to.pdf Graphic file (type pdf)

<use images/overfit_error-eps-converted-to.pdf>
Package pdftex.def Info: images/overfit_error-eps-converted-to.pdf used on inpu
t line 395.
(pdftex.def)             Requested size: 153.42606pt x 113.81102pt.
Package epstopdf Info: Source file: <images/overfit_result_train.eps>
(epstopdf)                    date: 2017-02-05 18:48:30
(epstopdf)                    size: 17742 bytes
(epstopdf)             Output file: <images/overfit_result_train-eps-converted-
to.pdf>
(epstopdf)                    date: 2017-02-05 18:57:05
(epstopdf)                    size: 7939 bytes
(epstopdf)             Command: <repstopdf --outfile=images/overfit_result_trai
n-eps-converted-to.pdf images/overfit_result_train.eps>
(epstopdf)             \includegraphics on input line 402.
Package epstopdf Info: Output file is already uptodate.

<images/overfit_result_train-eps-converted-to.pdf, id=469, 427.5975pt x 317.185
pt>
File: images/overfit_result_train-eps-converted-to.pdf Graphic file (type pdf)
 <use images/overfit_result_train-eps-converted-to.pdf>
Package pdftex.def Info: images/overfit_result_train-eps-converted-to.pdf used 
on input line 402.
(pdftex.def)             Requested size: 153.42606pt x 113.81102pt.
Package epstopdf Info: Source file: <images/overfit_result_test.eps>
(epstopdf)                    date: 2017-02-05 18:48:59
(epstopdf)                    size: 17303 bytes
(epstopdf)             Output file: <images/overfit_result_test-eps-converted-t
o.pdf>
(epstopdf)                    date: 2017-02-05 18:57:06
(epstopdf)                    size: 7763 bytes
(epstopdf)             Command: <repstopdf --outfile=images/overfit_result_test
-eps-converted-to.pdf images/overfit_result_test.eps>
(epstopdf)             \includegraphics on input line 409.
Package epstopdf Info: Output file is already uptodate.

<images/overfit_result_test-eps-converted-to.pdf, id=470, 427.5975pt x 317.185p
t>
File: images/overfit_result_test-eps-converted-to.pdf Graphic file (type pdf)
 <use images/overfit_result_test-eps-converted-to.pdf>
Package pdftex.def Info: images/overfit_result_test-eps-converted-to.pdf used o
n input line 409.
(pdftex.def)             Requested size: 153.42606pt x 113.81102pt.
 [13 <./images/multi_data2_error-eps-converted-to.pdf> <./images/multi_data2_re
sult_train-eps-converted-to.pdf> <./images/multi_data2_result_test-eps-converte
d-to.pdf>] [14 <./images/multi_data3_error-eps-converted-to.pdf> <./images/mult
i_data3_result_train-eps-converted-to.pdf> <./images/multi_data3_result_test-ep
s-converted-to.pdf>]
Package atveryend Info: Empty hook `BeforeClearDocument' on input line 420.

[15 <./images/multi_data4_error-eps-converted-to.pdf> <./images/multi_data4_res
ult-eps-converted-to.pdf> <./images/overfit_error-eps-converted-to.pdf>]
[16 <./images/overfit_result_train-eps-converted-to.pdf> <./images/overfit_resu
lt_test-eps-converted-to.pdf>]
Package atveryend Info: Empty hook `AfterLastShipout' on input line 420.
 (./main.aux)
Package atveryend Info: Executing hook `AtVeryEndDocument' on input line 420.
Package atveryend Info: Executing hook `AtEndAfterFileList' on input line 420.
Package rerunfilecheck Info: File `main.out' has not changed.
(rerunfilecheck)             Checksum: E1488F7907D5FC774FE8CC42B7E445FE;1349.
Package atveryend Info: Empty hook `AtVeryVeryEnd' on input line 420.
 ) 
Here is how much of TeX's memory you used:
 5677 strings out of 493029
 87563 string characters out of 6136233
 167440 words of memory out of 5000000
 9059 multiletter control sequences out of 15000+600000
 8860 words of font info for 31 fonts, out of 8000000 for 9000
 1141 hyphenation exceptions out of 8191
 29i,7n,28p,673b,348s stack positions out of 5000i,500n,10000p,200000b,80000s
</usr/share/texlive/texmf-dist/fonts/type1/public/amsfonts/cm/cmbx10.pfb></us
r/share/texlive/texmf-dist/fonts/type1/public/amsfonts/cm/cmbx12.pfb></usr/shar
e/texlive/texmf-dist/fonts/type1/public/amsfonts/cm/cmbx7.pfb></usr/share/texli
ve/texmf-dist/fonts/type1/public/amsfonts/cm/cmex10.pfb></usr/share/texlive/tex
mf-dist/fonts/type1/public/amsfonts/cm/cmmi10.pfb></usr/share/texlive/texmf-dis
t/fonts/type1/public/amsfonts/cm/cmmi5.pfb></usr/share/texlive/texmf-dist/fonts
/type1/public/amsfonts/cm/cmmi7.pfb></usr/share/texlive/texmf-dist/fonts/type1/
public/amsfonts/cm/cmr10.pfb></usr/share/texlive/texmf-dist/fonts/type1/public/
amsfonts/cm/cmr12.pfb></usr/share/texlive/texmf-dist/fonts/type1/public/amsfont
s/cm/cmr17.pfb></usr/share/texlive/texmf-dist/fonts/type1/public/amsfonts/cm/cm
r5.pfb></usr/share/texlive/texmf-dist/fonts/type1/public/amsfonts/cm/cmr7.pfb><
/usr/share/texlive/texmf-dist/fonts/type1/public/amsfonts/cm/cmsy10.pfb></usr/s
hare/texlive/texmf-dist/fonts/type1/public/amsfonts/cm/cmsy7.pfb></usr/share/te
xlive/texmf-dist/fonts/type1/public/amsfonts/cm/cmti10.pfb>
Output written on main.pdf (16 pages, 1127470 bytes).
PDF statistics:
 671 PDF objects out of 1000 (max. 8388607)
 467 compressed objects within 5 object streams
 73 named destinations out of 1000 (max. 500000)
 341 words of extra memory for PDF output out of 10000 (max. 10000000)

