\BOOKMARK [1][-]{section.1}{Introduction}{}% 1
\BOOKMARK [1][-]{section.2}{Data}{}% 2
\BOOKMARK [2][-]{subsection.2.1}{Set data 1}{section.2}% 3
\BOOKMARK [2][-]{subsection.2.2}{Set data 2}{section.2}% 4
\BOOKMARK [2][-]{subsection.2.3}{Set data 3}{section.2}% 5
\BOOKMARK [2][-]{subsection.2.4}{Set data 4}{section.2}% 6
\BOOKMARK [1][-]{section.3}{K-Nearest Neighbours \(k-NN\)}{}% 7
\BOOKMARK [2][-]{subsection.3.1}{Best K for each dataset}{section.3}% 8
\BOOKMARK [3][-]{subsubsection.3.1.1}{Best K for dataset 1}{subsection.3.1}% 9
\BOOKMARK [3][-]{subsubsection.3.1.2}{Best K for dataset 2}{subsection.3.1}% 10
\BOOKMARK [3][-]{subsubsection.3.1.3}{Best K for dataset 3}{subsection.3.1}% 11
\BOOKMARK [3][-]{subsubsection.3.1.4}{Best K for dataset 4}{subsection.3.1}% 12
\BOOKMARK [1][-]{section.4}{Backpropagation}{}% 13
\BOOKMARK [2][-]{subsection.4.1}{Single Layer Neural Network}{section.4}% 14
\BOOKMARK [2][-]{subsection.4.2}{Multiple Layer Neural Network}{section.4}% 15
\BOOKMARK [2][-]{subsection.4.3}{Results}{section.4}% 16
\BOOKMARK [3][-]{subsubsection.4.3.1}{Single Layer Neural Network}{subsection.4.3}% 17
\BOOKMARK [3][-]{subsubsection.4.3.2}{Multilayer Neural Network}{subsection.4.3}% 18
\BOOKMARK [2][-]{subsection.4.4}{Non-generalisable example}{section.4}% 19
\BOOKMARK [1][-]{section.5}{Discussion and conclusion}{}% 20
